# JRE version: OpenJDK Runtime Environment Temurin-21.0.4+7 (21.0.4+7) (build 21.0.4+7-LTS)
# Java VM: OpenJDK 64-Bit Server VM Temurin-21.0.4+7 (21.0.4+7-LTS, mixed mode, emulated-client, tiered, compressed oops, compressed class ptrs, g1 gc, windows-amd64)
GC Precious Log:
 CardTable entry size: 512
 Card Set container configuration: InlinePtr #cards 5 size 8 Array Of Cards #cards 12 size 40 Howl #buckets 4 coarsen threshold 1843 Howl Bitmap #cards 512 size 80 coarsen threshold 460 Card regions per heap region 1 cards per card region 2048
 CPUs: 12 total, 12 available
 Memory: 16108M
 Large Page Support: Disabled
 NUMA Support: Disabled
 Compressed Oops: Enabled (32-bit)
 Heap Region Size: 1M
 Heap Min Capacity: 8M
 Heap Initial Capacity: 252M
 Heap Max Capacity: 1G
 Pre-touch: Disabled
 Parallel Workers: 10
 Concurrent Workers: 3
 Concurrent Refinement Workers: 10
 Periodic GC: Disabled
Heap:
 garbage-first heap   total 126976K, used 73068K [0x00000000c0000000, 0x0000000100000000)
  region size 1024K, 4 young (4096K), 4 survivors (4096K)
 Metaspace       used 67403K, committed 69376K, reserved 1114112K
  class space    used 8151K, committed 8896K, reserved 1048576K
GC Heap History (20 events):
Event: 5674.818 GC heap after
{Heap after GC invocations=359 (full 327):
 garbage-first heap   total 97280K, used 41244K [0x00000000c0000000, 0x0000000100000000)
  region size 1024K, 0 young (0K), 0 survivors (0K)
 Metaspace       used 66861K, committed 67712K, reserved 1114112K
  class space    used 8045K, committed 8448K, reserved 1048576K
}
Event: 5715.143 GC heap before
{Heap before GC invocations=359 (full 327):
 garbage-first heap   total 97280K, used 59676K [0x00000000c0000000, 0x0000000100000000)
  region size 1024K, 19 young (19456K), 0 survivors (0K)
 Metaspace       used 66941K, committed 67712K, reserved 1114112K
  class space    used 8066K, committed 8448K, reserved 1048576K
}
Event: 5715.183 GC heap after
{Heap after GC invocations=360 (full 328):
 garbage-first heap   total 97280K, used 41553K [0x00000000c0000000, 0x0000000100000000)
  region size 1024K, 0 young (0K), 0 survivors (0K)
 Metaspace       used 66941K, committed 67712K, reserved 1114112K
  class space    used 8066K, committed 8448K, reserved 1048576K
}
Event: 5762.363 GC heap before
{Heap before GC invocations=360 (full 328):
 garbage-first heap   total 97280K, used 49745K [0x00000000c0000000, 0x0000000100000000)
  region size 1024K, 8 young (8192K), 0 survivors (0K)
 Metaspace       used 67312K, committed 68032K, reserved 1114112K
  class space    used 8126K, committed 8448K, reserved 1048576K
}
Event: 5762.366 GC heap after
{Heap after GC invocations=361 (full 328):
 garbage-first heap   total 97280K, used 44272K [0x00000000c0000000, 0x0000000100000000)
  region size 1024K, 2 young (2048K), 2 survivors (2048K)
 Metaspace       used 67312K, committed 68032K, reserved 1114112K
  class space    used 8126K, committed 8448K, reserved 1048576K
}
Event: 5762.495 GC heap before
{Heap before GC invocations=362 (full 328):
 garbage-first heap   total 97280K, used 78064K [0x00000000c0000000, 0x0000000100000000)
  region size 1024K, 38 young (38912K), 2 survivors (2048K)
 Metaspace       used 68132K, committed 69312K, reserved 1114112K
  class space    used 8336K, committed 8896K, reserved 1048576K
}
Event: 5762.501 GC heap after
{Heap after GC invocations=363 (full 328):
 garbage-first heap   total 97280K, used 48812K [0x00000000c0000000, 0x0000000100000000)
  region size 1024K, 5 young (5120K), 5 survivors (5120K)
 Metaspace       used 68132K, committed 69312K, reserved 1114112K
  class space    used 8336K, committed 8896K, reserved 1048576K
}
Event: 5762.597 GC heap before
{Heap before GC invocations=363 (full 328):
 garbage-first heap   total 97280K, used 79532K [0x00000000c0000000, 0x0000000100000000)
  region size 1024K, 36 young (36864K), 5 survivors (5120K)
 Metaspace       used 68169K, committed 69376K, reserved 1114112K
  class space    used 8345K, committed 8896K, reserved 1048576K
}
Event: 5762.606 GC heap after
{Heap after GC invocations=364 (full 328):
 garbage-first heap   total 97280K, used 57126K [0x00000000c0000000, 0x0000000100000000)
  region size 1024K, 5 young (5120K), 5 survivors (5120K)
 Metaspace       used 68169K, committed 69376K, reserved 1114112K
  class space    used 8345K, committed 8896K, reserved 1048576K
}
Event: 5762.842 GC heap before
{Heap before GC invocations=364 (full 328):
 garbage-first heap   total 97280K, used 78630K [0x00000000c0000000, 0x0000000100000000)
  region size 1024K, 28 young (28672K), 5 survivors (5120K)
 Metaspace       used 68210K, committed 69376K, reserved 1114112K
  class space    used 8357K, committed 8896K, reserved 1048576K
}
Event: 5762.846 GC heap after
{Heap after GC invocations=365 (full 328):
 garbage-first heap   total 97280K, used 62047K [0x00000000c0000000, 0x0000000100000000)
  region size 1024K, 4 young (4096K), 4 survivors (4096K)
 Metaspace       used 68210K, committed 69376K, reserved 1114112K
  class space    used 8357K, committed 8896K, reserved 1048576K
}
Event: 5764.046 GC heap before
{Heap before GC invocations=366 (full 328):
 garbage-first heap   total 119808K, used 91743K [0x00000000c0000000, 0x0000000100000000)
  region size 1024K, 25 young (25600K), 4 survivors (4096K)
 Metaspace       used 67362K, committed 69376K, reserved 1114112K
  class space    used 8140K, committed 8896K, reserved 1048576K
}
Event: 5764.049 GC heap after
{Heap after GC invocations=367 (full 328):
 garbage-first heap   total 119808K, used 64206K [0x00000000c0000000, 0x0000000100000000)
  region size 1024K, 3 young (3072K), 3 survivors (3072K)
 Metaspace       used 67362K, committed 69376K, reserved 1114112K
  class space    used 8140K, committed 8896K, reserved 1048576K
}
Event: 5764.205 GC heap before
{Heap before GC invocations=367 (full 328):
 garbage-first heap   total 119808K, used 96974K [0x00000000c0000000, 0x0000000100000000)
  region size 1024K, 36 young (36864K), 3 survivors (3072K)
 Metaspace       used 67396K, committed 69376K, reserved 1114112K
  class space    used 8149K, committed 8896K, reserved 1048576K
}
Event: 5764.210 GC heap after
{Heap after GC invocations=368 (full 328):
 garbage-first heap   total 119808K, used 72676K [0x00000000c0000000, 0x0000000100000000)
  region size 1024K, 5 young (5120K), 5 survivors (5120K)
 Metaspace       used 67396K, committed 69376K, reserved 1114112K
  class space    used 8149K, committed 8896K, reserved 1048576K
}
Event: 5764.346 GC heap before
{Heap before GC invocations=368 (full 328):
 garbage-first heap   total 119808K, used 100324K [0x00000000c0000000, 0x0000000100000000)
  region size 1024K, 33 young (33792K), 5 survivors (5120K)
 Metaspace       used 67403K, committed 69376K, reserved 1114112K
  class space    used 8151K, committed 8896K, reserved 1048576K
}
Event: 5764.351 GC heap after
{Heap after GC invocations=369 (full 328):
 garbage-first heap   total 119808K, used 78110K [0x00000000c0000000, 0x0000000100000000)
  region size 1024K, 5 young (5120K), 5 survivors (5120K)
 Metaspace       used 67403K, committed 69376K, reserved 1114112K
  class space    used 8151K, committed 8896K, reserved 1048576K
}
Event: 5764.406 GC heap before
{Heap before GC invocations=370 (full 328):
 garbage-first heap   total 126976K, used 98590K [0x00000000c0000000, 0x0000000100000000)
  region size 1024K, 29 young (29696K), 5 survivors (5120K)
 Metaspace       used 67402K, committed 69376K, reserved 1114112K
  class space    used 8151K, committed 8896K, reserved 1048576K
}
Event: 5764.413 GC heap after
{Heap after GC invocations=371 (full 328):
 garbage-first heap   total 126976K, used 81612K [0x00000000c0000000, 0x0000000100000000)
  region size 1024K, 4 young (4096K), 4 survivors (4096K)
 Metaspace       used 67402K, committed 69376K, reserved 1114112K
  class space    used 8151K, committed 8896K, reserved 1048576K
}
Event: 5765.598 GC heap before
{Heap before GC invocations=371 (full 328):
 garbage-first heap   total 126976K, used 115404K [0x00000000c0000000, 0x0000000100000000)
  region size 1024K, 30 young (30720K), 4 survivors (4096K)
 Metaspace       used 67403K, committed 69376K, reserved 1114112K
  class space    used 8151K, committed 8896K, reserved 1048576K
}

